f:\kinectv2 __mfc\release\mfc_demo01.pch
f:\kinectv2 __mfc\release\vc120.pdb
f:\kinectv2 __mfc\release\stdafx.obj
f:\kinectv2 __mfc\release\mykinect.obj
f:\kinectv2 __mfc\release\mfc_demo01dlg.obj
f:\kinectv2 __mfc\release\mfc_demo01.obj
f:\kinectv2 __mfc\release\kinectjointfilter.obj
f:\kinectv2 __mfc\release\cvvimage.obj
f:\kinectv2 __mfc\release\mfc_demo01.exe
f:\kinectv2 __mfc\release\mfc_demo01.pdb
f:\kinectv2 __mfc\release\mfc_demo01.res
f:\kinectv2 __mfc\release\mfc_demo01.tlog\cl.command.1.tlog
f:\kinectv2 __mfc\release\mfc_demo01.tlog\cl.read.1.tlog
f:\kinectv2 __mfc\release\mfc_demo01.tlog\cl.write.1.tlog
f:\kinectv2 __mfc\release\mfc_demo01.tlog\link.command.1.tlog
f:\kinectv2 __mfc\release\mfc_demo01.tlog\link.read.1.tlog
f:\kinectv2 __mfc\release\mfc_demo01.tlog\link.write.1.tlog
f:\kinectv2 __mfc\release\mfc_demo01.tlog\rc.command.1.tlog
f:\kinectv2 __mfc\release\mfc_demo01.tlog\rc.read.1.tlog
f:\kinectv2 __mfc\release\mfc_demo01.tlog\rc.write.1.tlog
